<?xml version="1.0" encoding="UTF-8"?>
<!-- Generated by org.testng.reporters.JUnitXMLReporter -->
<testsuite hostname="LAPTOP-JEI8AS0O" ignored="0" name="My Info Test" tests="2" failures="1" timestamp="2022-10-16T16:24:25 EDT" time="12.036" errors="0">
  <testcase name="myInfoPageSideMenuItemText" time="3.804" classname="testcases.MyInfoTest">
    <failure type="java.lang.AssertionError" message="The following asserts failed:
	expected [Immigratio] but found [Immigration],
	expected [Membership] but found [Memberships]">
      <![CDATA[java.lang.AssertionError: The following asserts failed:
expected [Immigratio] but found [Immigration],
expected [Membership] but found [Memberships]
at testcases.MyInfoTest.myInfoPageSideMenuItemText(MyInfoTest.java:69)
at java.util.ArrayList.forEach(ArrayList.java:1259)
... Removed 33 stack frames]]>
    </failure>
  </testcase> <!-- myInfoPageSideMenuItemText -->
  <testcase name="myInfoPageSideMenuCount" time="1.33" classname="testcases.MyInfoTest"/>
</testsuite> <!-- My Info Test -->
